<?xml version="1.0" encoding="UTF-8"?>
<!-- Generated by org.testng.reporters.JUnitXMLReporter -->
<testsuite ignored="0" hostname="Aaru-PC" failures="2" tests="3" name="Error Validations Test" time="32.101" errors="0" timestamp="2024-02-19T10:54:18 EST">
  <testcase classname="SeleniumFrameworkPractice.Tests.ErrorValidation" name="InvalidLoginErrValidation" time="1.393">
    <skipped/>
  </testcase> <!-- InvalidLoginErrValidation -->
  <testcase classname="SeleniumFrameworkPractice.Tests.ErrorValidation" name="InvalidLoginErrValidation" time="1.467">
    <failure type="org.junit.ComparisonFailure" message="expected:&amp;lt;Incorrect email [] password.&amp;gt; but was:&amp;lt;Incorrect email [or] password.&amp;gt;">
      <![CDATA[org.junit.ComparisonFailure: expected:<Incorrect email [] password.> but was:<Incorrect email [or] password.>
at org.junit.Assert.assertEquals(Assert.java:117)
at org.junit.Assert.assertEquals(Assert.java:146)
at SeleniumFrameworkPractice.Tests.ErrorValidation.InvalidLoginErrValidation(ErrorValidation.java:21)
at java.base/java.util.ArrayList.forEach(ArrayList.java:1511)
... Removed 27 stack frames]]>
    </failure>
  </testcase> <!-- InvalidLoginErrValidation -->
  <testcase classname="SeleniumFrameworkPractice.Tests.ErrorValidation" name="ProductErrorValidation" time="3.859">
    <failure type="java.lang.AssertionError" message="expected [true] but found [false]">
      <![CDATA[java.lang.AssertionError: expected [true] but found [false]
at SeleniumFrameworkPractice.Tests.ErrorValidation.ProductErrorValidation(ErrorValidation.java:32)
at java.base/java.util.ArrayList.forEach(ArrayList.java:1511)
... Removed 31 stack frames]]>
    </failure>
  </testcase> <!-- ProductErrorValidation -->
</testsuite> <!-- Error Validations Test -->
